<?xml version="1.0" encoding="UTF-8"?>
<testng-results ignored="0" total="1" passed="1" failed="0" skipped="0">
  <reporter-output>
  </reporter-output>
  <suite started-at="2024-04-25T13:11:04 IST" name="Default suite" finished-at="2024-04-25T13:11:17 IST" duration-ms="13475">
    <groups>
    </groups>
    <test started-at="2024-04-25T13:11:04 IST" name="Default test" finished-at="2024-04-25T13:11:17 IST" duration-ms="13475">
      <class name="Atcual.vtigerTC.Createcontact">
        <test-method is-config="true" signature="bsconfig()[pri:0, instance:Atcual.vtigerTC.Createcontact@4550bb58]" started-at="2024-04-25T13:11:04 IST" name="bsconfig" finished-at="2024-04-25T13:11:04 IST" duration-ms="8" status="PASS">
          <reporter-output>
          </reporter-output>
        </test-method> <!-- bsconfig -->
        <test-method is-config="true" signature="bcconfig()[pri:0, instance:Atcual.vtigerTC.Createcontact@4550bb58]" started-at="2024-04-25T13:11:04 IST" name="bcconfig" finished-at="2024-04-25T13:11:07 IST" duration-ms="3182" status="PASS">
          <reporter-output>
          </reporter-output>
        </test-method> <!-- bcconfig -->
        <test-method is-config="true" signature="bm()[pri:0, instance:Atcual.vtigerTC.Createcontact@4550bb58]" started-at="2024-04-25T13:11:07 IST" name="bm" finished-at="2024-04-25T13:11:10 IST" duration-ms="3213" status="PASS">
          <reporter-output>
          </reporter-output>
        </test-method> <!-- bm -->
        <test-method signature="createcont()[pri:0, instance:Atcual.vtigerTC.Createcontact@4550bb58]" started-at="2024-04-25T13:11:10 IST" name="createcont" finished-at="2024-04-25T13:11:16 IST" duration-ms="5916" status="PASS">
          <reporter-output>
          </reporter-output>
        </test-method> <!-- createcont -->
        <test-method is-config="true" signature="amconfig()[pri:0, instance:Atcual.vtigerTC.Createcontact@4550bb58]" started-at="2024-04-25T13:11:16 IST" name="amconfig" finished-at="2024-04-25T13:11:17 IST" duration-ms="1138" status="PASS">
          <reporter-output>
          </reporter-output>
        </test-method> <!-- amconfig -->
        <test-method is-config="true" signature="teardown()[pri:0, instance:Atcual.vtigerTC.Createcontact@4550bb58]" started-at="2024-04-25T13:11:17 IST" name="teardown" finished-at="2024-04-25T13:11:17 IST" duration-ms="0" status="PASS">
          <reporter-output>
          </reporter-output>
        </test-method> <!-- teardown -->
        <test-method is-config="true" signature="baconfig()[pri:0, instance:Atcual.vtigerTC.Createcontact@4550bb58]" started-at="2024-04-25T13:11:17 IST" name="baconfig" finished-at="2024-04-25T13:11:17 IST" duration-ms="0" status="PASS">
          <reporter-output>
          </reporter-output>
        </test-method> <!-- baconfig -->
      </class> <!-- Atcual.vtigerTC.Createcontact -->
    </test> <!-- Default test -->
  </suite> <!-- Default suite -->
</testng-results>
